Using pre-set license
Built from '2020.3/staging' branch; Version is '2020.3.0f1 (c7b5465681fb) revision 13088070'; Using compiler version '192528614'; Build Type 'Release'
OS: 'Windows 10 Home Single Language; OS build 19042.867; Version 2009; 64bit' Language: 'en' Physical Memory: 16149 MB
BatchMode: 1, IsHumanControllingUs: 0, StartBugReporterOnCrash: 0, Is64bit: 1, IsPro: 0

 COMMAND LINE ARGUMENTS:
C:\Program Files\Unity\Hub\Editor\2020.3.0f1\Editor\Unity.exe
-adb2
-batchMode
-noUpm
-name
AssetImportWorker0
-projectPath
C:/Users/shaur/Downloads/KNOCKGAMESTUDIOS/KNOCKGAMESTUDIOS/Unity Files
-logFile
Logs/AssetImportWorker0.log
-srvPort
62635
Successfully changed project path to: C:/Users/shaur/Downloads/KNOCKGAMESTUDIOS/KNOCKGAMESTUDIOS/Unity Files
C:/Users/shaur/Downloads/KNOCKGAMESTUDIOS/KNOCKGAMESTUDIOS/Unity Files
Using Asset Import Pipeline V2.
Refreshing native plugins compatible for Editor in 21.33 ms, found 0 plugins.
Preloading 0 native plugins for Editor in 0.00 ms.
Initialize engine version: 2020.3.0f1 (c7b5465681fb)
[Subsystems] Discovering subsystems at path C:/Program Files/Unity/Hub/Editor/2020.3.0f1/Editor/Data/Resources/UnitySubsystems
[Subsystems] Discovering subsystems at path C:/Users/shaur/Downloads/KNOCKGAMESTUDIOS/KNOCKGAMESTUDIOS/Unity Files/Assets
GfxDevice: creating device client; threaded=0
Direct3D:
    Version:  Direct3D 11.0 [level 11.1]
    Renderer: Intel(R) Iris(R) Xe Graphics (ID=0x9a49)
    Vendor:   
    VRAM:     8074 MB
    Driver:   27.20.100.8935
Initialize mono
Mono path[0] = 'C:/Program Files/Unity/Hub/Editor/2020.3.0f1/Editor/Data/Managed'
Mono path[1] = 'C:/Program Files/Unity/Hub/Editor/2020.3.0f1/Editor/Data/MonoBleedingEdge/lib/mono/unityjit'
Mono config path = 'C:/Program Files/Unity/Hub/Editor/2020.3.0f1/Editor/Data/MonoBleedingEdge/etc'
Using monoOptions --debugger-agent=transport=dt_socket,embedding=1,server=y,suspend=n,address=127.0.0.1:56884
Begin MonoManager ReloadAssembly
Registering precompiled unity dll's ...
Register platform support module: C:/Program Files/Unity/Hub/Editor/2020.3.0f1/Editor/Data/PlaybackEngines/WindowsStandaloneSupport/UnityEditor.WindowsStandalone.Extensions.dll
Registered in 0.001571 seconds.
Native extension for WindowsStandalone target not found
Refreshing native plugins compatible for Editor in 20.70 ms, found 0 plugins.
Preloading 0 native plugins for Editor in 0.00 ms.
Invoked RoslynAnalysisRunner static constructor.
RoslynAnalysisRunner will not be running.
RoslynAnalysisRunner has terminated.
Mono: successfully reloaded assembly
- Completed reload, in  1.067 seconds
Platform modules already initialized, skipping
Registering precompiled user dll's ...
Registered in 0.000970 seconds.
Begin MonoManager ReloadAssembly
Native extension for WindowsStandalone target not found
Refreshing native plugins compatible for Editor in 0.20 ms, found 0 plugins.
Preloading 0 native plugins for Editor in 0.00 ms.
Invoked RoslynAnalysisRunner static constructor.
RoslynAnalysisRunner will not be running.
RoslynAnalysisRunner has terminated.
Mono: successfully reloaded assembly
- Completed reload, in  0.658 seconds
Platform modules already initialized, skipping
========================================================================
Worker process is ready to serve import requests
Launched and connected shader compiler UnityShaderCompiler.exe after 0.05 seconds
Refreshing native plugins compatible for Editor in 0.28 ms, found 0 plugins.
Preloading 0 native plugins for Editor in 0.00 ms.
Unloading 1139 Unused Serialized files (Serialized files now loaded: 0)
System memory in use before: 60.4 MB.
System memory in use after: 60.5 MB.

Unloading 9 unused Assets to reduce memory usage. Loaded Objects now: 1591.
Total: 2.898900 ms (FindLiveObjects: 0.282700 ms CreateObjectMapping: 0.103200 ms MarkObjects: 2.414800 ms  DeleteObjects: 0.095600 ms)

========================================================================
Received Import Request.
  path: Assets/Miscellaneous/Game.png
  artifactKey: Guid(56f57eb300f0ea346b453de0e14c14e4) Importer(815301076,1909f56bfc062723c751e8b465ee728b)
Start importing Assets/Miscellaneous/Game.png using Guid(56f57eb300f0ea346b453de0e14c14e4) Importer(815301076,1909f56bfc062723c751e8b465ee728b)  -> (artifact id: '23df7276295e3447074ecfdf9b923f1d') in 0.092465 seconds
  Import took 0.095401 seconds .

========================================================================
Received Import Request.
  Time since last request: 5.147796 seconds.
  path: Assets/Miscellaneous/Game.png
  artifactKey: Guid(56f57eb300f0ea346b453de0e14c14e4) Importer(815301076,1909f56bfc062723c751e8b465ee728b)
Start importing Assets/Miscellaneous/Game.png using Guid(56f57eb300f0ea346b453de0e14c14e4) Importer(815301076,1909f56bfc062723c751e8b465ee728b)  -> (artifact id: '96a5b0a90122be7031b2b1b115f1ac58') in 0.045782 seconds
  Import took 0.047840 seconds .

========================================================================
Received Import Request.
  Time since last request: 0.003254 seconds.
  path: Assets/Miscellaneous/Game.png
  artifactKey: Guid(56f57eb300f0ea346b453de0e14c14e4) Importer(815301076,1909f56bfc062723c751e8b465ee728b)
Start importing Assets/Miscellaneous/Game.png using Guid(56f57eb300f0ea346b453de0e14c14e4) Importer(815301076,1909f56bfc062723c751e8b465ee728b)  -> (artifact id: '96a5b0a90122be7031b2b1b115f1ac58') in 0.010969 seconds
  Import took 0.013086 seconds .

========================================================================
Received Prepare
Refreshing native plugins compatible for Editor in 0.67 ms, found 0 plugins.
Preloading 0 native plugins for Editor in 0.00 ms.
Unloading 2 Unused Serialized files (Serialized files now loaded: 0)
System memory in use before: 40.2 MB.
System memory in use after: 40.4 MB.

Unloading 2 unused Assets to reduce memory usage. Loaded Objects now: 1598.
Total: 2.161900 ms (FindLiveObjects: 0.109900 ms CreateObjectMapping: 0.026400 ms MarkObjects: 2.011800 ms  DeleteObjects: 0.012500 ms)

========================================================================
Received Import Request.
  Time since last request: 207.812419 seconds.
  path: Assets/Miscellaneous/Game 1.png
  artifactKey: Guid(1b466b5bc06d9fe43b3451682b4161e9) Importer(815301076,1909f56bfc062723c751e8b465ee728b)
Start importing Assets/Miscellaneous/Game 1.png using Guid(1b466b5bc06d9fe43b3451682b4161e9) Importer(815301076,1909f56bfc062723c751e8b465ee728b)  -> (artifact id: '0a0974623da797c4836b9ca92fe7fc6a') in 0.020449 seconds
  Import took 0.024467 seconds .

========================================================================
Received Import Request.
  Time since last request: 15.812212 seconds.
  path: Assets/Miscellaneous/Game.png
  artifactKey: Guid(1b466b5bc06d9fe43b3451682b4161e9) Importer(815301076,1909f56bfc062723c751e8b465ee728b)
Start importing Assets/Miscellaneous/Game.png using Guid(1b466b5bc06d9fe43b3451682b4161e9) Importer(815301076,1909f56bfc062723c751e8b465ee728b)  -> (artifact id: '818804eef05ab8ae3dac236424904155') in 0.007158 seconds
  Import took 0.009447 seconds .

========================================================================
Received Import Request.
  Time since last request: 4.605572 seconds.
  path: Assets/Miscellaneous/Game.png
  artifactKey: Guid(1b466b5bc06d9fe43b3451682b4161e9) Importer(815301076,1909f56bfc062723c751e8b465ee728b)
Start importing Assets/Miscellaneous/Game.png using Guid(1b466b5bc06d9fe43b3451682b4161e9) Importer(815301076,1909f56bfc062723c751e8b465ee728b)  -> (artifact id: '618cade824a8f86cac5c6ad7ab55c46f') in 0.013127 seconds
  Import took 0.015429 seconds .

========================================================================
Received Prepare
Refreshing native plugins compatible for Editor in 0.61 ms, found 0 plugins.
Preloading 0 native plugins for Editor in 0.00 ms.
Unloading 2 Unused Serialized files (Serialized files now loaded: 0)
System memory in use before: 40.2 MB.
System memory in use after: 40.3 MB.

Unloading 2 unused Assets to reduce memory usage. Loaded Objects now: 1600.
Total: 1.834600 ms (FindLiveObjects: 0.113400 ms CreateObjectMapping: 0.027800 ms MarkObjects: 1.678800 ms  DeleteObjects: 0.013300 ms)

========================================================================
Received Prepare
Refreshing native plugins compatible for Editor in 0.58 ms, found 0 plugins.
Preloading 0 native plugins for Editor in 0.00 ms.
Unloading 2 Unused Serialized files (Serialized files now loaded: 0)
System memory in use before: 40.2 MB.
System memory in use after: 40.3 MB.

Unloading 2 unused Assets to reduce memory usage. Loaded Objects now: 1600.
Total: 2.930200 ms (FindLiveObjects: 0.166700 ms CreateObjectMapping: 0.042800 ms MarkObjects: 2.696300 ms  DeleteObjects: 0.022500 ms)

AssetImportWorkerClient::OnTransportError - code=2 error=End of file
